<?xml version="1.0" encoding="UTF-8"?>
<!-- Generated by org.testng.reporters.JUnitXMLReporter -->
<testsuite ignored="0" hostname="Chethan" failures="1" tests="1" name="Test" time="21.496" errors="0" timestamp="2023-04-27T18:30:35 IST">
  <testcase classname="testscript.Fb_Login_Script" name="test1" time="1.365">
    <failure type="java.lang.AssertionError" message="null">
      <![CDATA[java.lang.AssertionError: null
at testscript.Fb_Login_Script.test1(Fb_Login_Script.java:21)
at java.base/java.util.ArrayList.forEach(ArrayList.java:1511)
... Removed 29 stack frames]]>
    </failure>
  </testcase> <!-- test1 -->
</testsuite> <!-- Test -->
